[mainfo.imagefiledialog]
filenames=1
 /opt/kde3/share/icons/kdeclassic/64x64/apps/dolphin.png
filecolwidth=174
x=0
y=0
cx=0
cy=0
lastdir=/opt/kde3/share/icons/kdeclassic/64x64/apps/
filehistory=8
 /opt/kde3/share/icons/kdeclassic/64x64/apps/dolphin.png
 /opt/kde3/share/icons/kdeclassic/48x48/apps/ark.png
 /opt/kde3/share/icons/kdeclassic/48x48/apps/agent.png
 /opt/kde3/share/icons/kdeclassic/48x48/apps/atlantik.png
 /home/mse/kicadbommainfo.png
 /opt/kde3/share/icons/kdeclassic/48x48/apps/gimp.png
 /opt/kde3/share/icons/kdeclassic/48x48/apps/blender.png
 /home/mse/mseguirad.png
filefilterindex=0
filefilter="*.png" "*.jpg"
[mainfo.grid]
propcolwidthref=302
text=7
 reerr w wge wgwtg ergreg srdg stgstrgsts sres s
 tre trwtrh trtrtrhttr
 
 fdg sdr sthstrt rtd trtr s
 
 xcvavar  araarg rg s g srg stg st sthgsthg sth st srth st strezhg as5ez as5rez asregasrdg rdg radg argarga
 
width0=296
sortdescend0=0
image=7
 
 
 iVBORw0KGgoAAAANSUhEUgAAAEAAAABACAYAAACqaXHeAAAACXBIWXMAAA9hAAAPYQGoP6dpAAAL
+PElEQVR42u2be3hT5R3Hf+eWk+Tk5J7m2iRN2tAr0AsttEWkgFSgCuKNOnnEMedElCk+Pjo3nRuO
+bfpMN3XuUdRHGT6Kt3FRtj0gyKXQFkQLvUhbSu9NmzRp0uQkOTlnfyBIoe20BBqg3/+SnPOe837O
++7u+OQATmtCEJnQNC4uXG1GmFs+yLVzza5bxJYbcHYcBeP6aAmCZ9/OndTll99Km9HlBV9vxYF9r
+3eW4LhovAGhjuojnORBrbYRt4ZrXSLk27ZpaASK1OUWWlD0XAEBAa8Qilem6gdaaj9ngwOA1sQIw
+gSj8/Sce1JklWbq8sr8jKCa4JgCguCB4/nfmufctNhTe8TgAIFc9AD7Kii64OYxAjMXlT4jUloKr
+HgCgmHG4r8WaJFFS6YPPIxguvZoBIBKDI2340M+DZsoNRbq8mx+9FKYQJwAQOUEpMkb8FcXAtuiR
+X+qmLS67GgEg5tkrbiZlWuNoBxFiGW0sWvYXTChJvFryAARBUKFQoc+xl61dL6BVuv93gkCqVuAk
+pXPX790KANGY3MTlDvcijcWomTx/DqVPLqISbFPECUnpKEGKf+gALOOP1r/3ZHnfsV0fXDEAEBSn
+VZmzl2qzFyyjEzOKhHK9GBBkzNd2N+xvqH13bQkb9HXGNQCBRKVSphUv1+cvvV9qyUpBMCJm1+s8
+8P6Gbz/63QMAEI5DH4CQhsI7llnnr9poKLpzmUhlUiEoFlPYlN6RiYvoPs+Jg0cupnSOOQDanJWW
+sviJTYbpS9eIE5JUCIpdIrPCMNqUXoJgeNTTWFkNAOx4A0AUjsIye9ljG5WO6dkoQSKX3rdguNSc
+NUuoNCV7m6sPcmzYN14AEH3+LT9x3PqbDWKNWXtZYymGo7QpLUustRdzkfCXAedJ1+UGgGhzF91j
+v2ntKwSlkIxXUiHW2owiVWJJsPfUIaa/s+uyAMBICtHmLChPvunxvxGUgh7vlJKUJSRIrVMX+trr
+qkOe7lOXHIBIZZqedtf6twQSpSpeikqCkktlSdmlwb7W3UFXW9clA4AJKWN6+fotlD7FDHEmglLS
+CE7M9jRWfcJFmIGYA0BQHEu5ae27OuukGbxQAfEoSpeswkXSVFft7s0AwMUUgH76rb+w5Mx9GGRm
+BFAc4lWU1m4L9LZ2B3oaq2NWDpNyvUrryP0VJtGgPEZCPAslSMww47YnSVmCMmYAFI7pa5TGFD0n
+UsGVIHnytESZLfe+mAAQSNUyQ9ase3mpCYErRAiCgr5g6WpcSMuG+/1HGTBlSC2gNSY1L6B+cP0R
+DQ0GwgN9baEBZwsupD2AohyCoBzPRbGwzzUJAAS0MU3L85xaIFUPGRdFALgY7BDqbJmGE7Tqepbx
+/euiAGgySuagaoeA/wGTH+xuDPtaj+3sOfr5C/0NByoBeAYAIsOsQBzFBRRlmJSqSp+1UpFSUC6z
+ZgtRBOCpUj08+3nXRQMoL9BChUQ9F3pbLgoAJtJYCnhkdKthg75Qd9WnlZ0HN6/meb4m6DzJjXI4
+BwBhjg2Hfa01Fb7WmoruQx+tk9mnlSodM7Kf7LAtERoyLtrZ6NUykCfnFwycrB67CVBau4nSJ2eO
+YmwQdLa42/e/95Krds96xtU2pkYF09/VzFRvebWneguk3fVHpdCQccvFTJ4HgGCEB7HWLvsu7EfH
+BsDgmCGglCOGk/Y973S6ar9c0n+iojI2pS6KojgxanGFhryAhLwQlY6ejPI8DzzH0gAgAgD/WKIA
+pi9Yes/5fTwkMggIgkDf8S9c7Xs3zovV5AEAErIXLJPbpxWPelBkEMjGrUA2bQdB+77vnvd5IAHg
+SKsfuAgjSyz5KT2mMCgxpuZRWvt1Q62XBdTbCstzxDBYs/05xt1RG6vJKycV3Wiaefc/CEoxarfY
+YrFCIPt+CNkXQtg4A/C+WiA6KgDhhvraPSd8QOtTxBG/WzkWAJixqHydQJowdPMSxSFzai4cqDzS
+deronjdiNXmZLTffOn/VO3RiBjXiDaEA+RYxoCgCgGBnOiPAqjMADftAXPM2oIz7HPeEgNQ6BQiR
+NOlHA5DZ8sqUqcWzh1teyRoheHs7tnCR4ECMUlfaOn/VP6WWyerhbRlgslEEBVYKvm4P8NUVe539
+3x78wF2/tzYaCvAAACFLCUSFSiAbtwHCMkNOlhhSV5w/51GdoFBlNptnr3iZlCWgJI5AiB0KwctE
+ob7mq+ZYPX2pZaqClGpU3z9pBHISxZCmEwLKR8Dn6mGr6hrqdtY2V3Uf2b7L23zkMzY40E+IZbQu
+/5anrDfcvwYjKQHjWALCpm1ANm8HJnkxwHeNWal1yiKJITXH31lffa6PGL6mlihl9kWPbtVNu3km
+AMCcSTTsbBjac1RQBBx697frOvdveipmXR25Lk+bW7ZCapmsE6lMYm/DfoZlfM5A14k6b2/rF4zz
+ZAPPRZnhLEPhKFw26fZnfi9UGCzAsSDoOABowAlMymI4U7V2Vmz+4sQn627ko2xoRABirZ3W5iz8
+1HTd3SWY4LTp31esgdf3916QAXuaD7fVbFiVE2X8ffGQ+yschTNtCx5eTydmFAIAEF2VANEwREyn
+A0ok4OGPvfnQSu/JI28O2w+Q2nJFcnveZkvJyhuwc7bsCu1SqGrxX+AJSJlWhoukyd6mqm18lI2M
+NwDG1dbae3THZxJTmplU6FN4qRlDQ17gcSEALgSMECKkTFvYd3z3+zwb9mJDHbsA1WTNezlp/gN3
+YuftV+ZbKag6NXgBAARBgTalp6EEWcS4O3ayAe/AeEPg2LC/5/D2z7lw0E3pUqahSpsYcOFZRzoz
+00jVVO3ThjxdnwwBoEq//mdJpaueJijFBaZRYJUMC+BsmDFnWQlKtpBxd+4I+/rccWANEV/bsUrG
+3XlYpDJdJ5Ao5Qh6OgAszk2Ayhb/JH9rzdtnAYg01iR72aMfUbpk4XCjnQGAur8FNDIIPCm7YCVI
+DKlqBMNKw37X5rC3Z3DcEfA8H+hpanYe3fExz3OZlM5uwwQipNMTAVZiwrzNRxrOAEBMM8tf02Yv
+zB1p1/o0gAAI2vYAEvZDVG4D4KMA51WHEr1DFRn0TPadqtnERyN8PDhGng0P+NprP3TX72tAEDQ1
+TKoUvUd39HtOHHwRAwCg9I6cpNIHnxdIFCM2Sa0qEupaXSBo+e/ZOkvY8CGwCVPg3MYogqAgUiVa
+Pc3Vh0Ke7sZ46QzxbJgND/R+42msesNdv+9D1/FdzzP9nfUYAICx8PbHEqaUFgOM/MA8ARYGWBxY
+VRpwEgMQ3dUAHAusdiqc3xnGRRKUCzM2d/2+t+KtRcZHI9Gwr8/JRRg/AACO4AQptUwp4/nh+xZo
+sA+QyCB0gAX4KAuDrh4/8DzQ5hIJwkdPh5dhclZZUk4mIVEkRPzunnjuGeICicoqUpuTRo4pUUDD
+PvC0HQ87j+543fn1v5+Jhvy8OnPuanVmySOqNB093H8AlJoEKUYp1fEOAFNnzsnWFyxdPlxWyPMA
+HEJA+zd7aps/e+k21/Fdr0UZX4CLhIL+jrrd7ob9GwLOk1GMIE24iJZjJAXL8hRwrNUD2WRLuOI/
+217kwv7+uO4ay+15GZkr/noIF0mHlJ86KQG5ioHoC3967u2e6i0P8Vw0MOIgOCGSWabOFOuSF1gU
+WH4vqhP4upo+7qn69A+X682PMQMAAHHWylePaSxpSTwuBF5Ag0lOgKi70rV94ytrOusOboJR9tZG
+GTeuJ35uORxgB5y9wqamJMaxBMKDHjh2cGt1w+73lwd7W8b62soVMfmzxRDjdYZYXV5G0Nvb2bjl
+z8/2Nn21Ouhs7oZrTDhc/n+OTmhCE5rQuOp/zcYebRXv1r8AAAAASUVORK5CYII=
 
 iVBORw0KGgoAAAANSUhEUgAAADAAAAAwCAYAAABXAvmHAAAABGdBTUEAALGPC/xhBQAAAAZiS0dE
+AP8A/wD/oL2nkwAAAAlwSFlzAAAuIgAALiIBquLdkgAAAAd0SU1FB9AHAhUHIKgBdYAAAAdnSURB
+VHic7ZhriF1XFcd/e+7MdDqdZJLYakNTrG9iIwwWESsWxUerYL5IEXEq1CAIRaUEBOnH+sXAIDYI
+VkHEAYuIxlQJFp9EW6qtmmCU2OZmTCfjTGbmzsy99zz2Pq/th7VO7r3zwNwz+XgXHM495+x9zv+/
+1n+tve6GgQ1sYAMb2C7MlD+899VfYsyWyd570++YPr8JwHDVF3S9yNfrdeaW5q7fO3/5/BbAO43Z
+DYke8973fQC+Xq/7qekpD1w/pqan/MzsjD/25DE/Mzvj6/W6P/bksW3HyKcrfVsc2E2gihlj/Mzs
+TM+9448c33bsduOqRqCU0HWr4oXuSHQfV+flmJqe8hdfxf/9n/g//rV3DBU9vzkCQ1XYb7bSi8tL
+8MolMAbKbyQpBA5iBydm4Zlf9c7Zrd0UAsYYv76iL1TwLpPrwEIYQWihGQmZkz/ZvipVsV0TMMb4
+VqNzHTnIc7CJXAexgA8dNFoQW2jF8LXv3BwSuyqjxhj/3wXxsksEpMvg0jVYW4dzZ87x4oehGQiJ
+Rhue+xu0ImgHcNen2HUprUzAGOObK2CGIPdQGxL5NAKYHJcoTH1iirvvOMfteyBOYP48vPttEpXI
+QhBB+x27I1GJQKl5owIsCshySHNoR5IDsZNnaQpJBmkmJOJEopVmkOQiqQceq06icgRqQ1JtMgWf
+ZaL/ZlueR0ogyeV5kkPqlFAK1oJzgIdsF5nQdxIbY/zVeQFfFOJJm0JbZdEIxMuJVqFEI+ASSew0
+ExKxRiBNIc+AN1VL6kpVyBiZWHgBGMVgM2hZBZtKDoDKq5CxsZKwmeQNQF7oS9MqSPokYIzxzVX5
+najms0zOocqjFWsZVUBOn2c5uFyjVkCSdORVFEACh6f7j0JfvZAxxl/5D9wyIp5sxbDShrU2rDdh
+LRAJtSNYD+HHT8FDn5cIhbbzbCOAPADagAOsnmM5biSZy17ohgmUNX90WLw9NqK6j2Et0gUrhj/9
+C95+CL70cO/8r3wLfnYWPnAEmhZcDGEqkXAJXDgFb/yYJPTCqf9PotL/Ae9Fy2km2ku1z7FO9B0l
+cPJxGbu8JON9IXq/65Dcz98l58RDkUsO5B4IhEjeZxr3XUYLrRw1I8kYp5K0LoVHPwlzc7BnHC4v
+ieaTVID99Hfwl1fgG1+Ejz4OviyvGSTlmlF0kv9G7YaSuEysTL2V5pqcWhJtAtMfF6//4zW4tCTE
+rq+2EbRCWNmAEz+CX39TgOflfC25zkGW9H6zMgFjjC+PIpB7RS5HYLV8JnL+9IMC/rUVWVlTLZeB
+EmhZaMawEcpCd/wk/Pm7WlY1D0DmpUrmvkd7MfRFoATtYzli/UBeSJIlurJmKRz9EFxbhCvLEqEo
+hbaThq0VQSuR5A5jaeCyVN73yNfh38/ItdOSW5ZVgOUNeMvD8M7PAod2jsiWHCjBt2MBm+Udryxu
+yNk6WGzAgrbR6wFcXpSINB3Mvyq9f7MtFasVS28UWzjzspTd1TV957Odb/sXoEyB+VNdoCY7JDZX
+px4CxhjvY0m6zEvJhA6B/eNShZbWYP8EfOYhWLgKl5fhDQfEk4t1ePOdIh/rtMVWL//mZbj/XlkH
+mgFER+DsSRh+P2TPA/chmngJeA/cMgYTe6BxBo4chYmxrSSGu8EXgdTzIUTDZVfZjNTzXf+yRrr8
+kOcC0KqXIyuSsVqBXKYLn5UmLtb8iWOZn2VdXixbiwTcELLYIau1N53OFV3Dtkio0L4ltPLidiwS
+AEnY3IuUhpSA95IbLhXAjTa8blLBpwK+bJ+DUElE2lq7TaBdF6Jc7tfKLB0SOY/UevH2ECh8pz0O
+9a9hnELbyvPISpI2A9g71uX9RMC2rZTMKBaPZ9qpptpqtyLNhQRS25Fmj5WpOgy1ERgdgwgY1T9M
+m3dTeqpQ4QVIok1Z4ARsYOEHv4CP3C8SaTRFauWcNBNyNhG5WV0bIpWVTRV4rO/POnkB9Hai54Ep
+MLfCxK0weRtwAEZGYLgGl67uQMB7b0b3woGJjmatJqCNpVafmJWavxbCuuZFmkutTzQS1nZAlvPD
+WK6LRBYvl0qky50LSllcAN4L45NwYD/sm4Q9twHjQmBuQapWdxJvaeaMMf77p+H2vbC0AWstWGvC
+agirG1LLf/9tOPI5uPBD+MNL8PMX4FpTdh3W2wI8cEK87SBsgneIxkNgBQi2kU+3TQhwRvX3xY6j
+FSewTRJ7740xxj/xNNz9enjrQWjtExm0Qq00X4AXvyfjJ8fhnoNwxz7R+LPPw/vuFS8HiXSdTtuG
+s6fh8AchikSWeQ4bz3UAHz4qrXptWEr43ALUarBwuhd8t23bzJUkyusnnoZYN6XuOSiJ9dWn4MSX
+pWGzVmp76GClpZtYoeo8kX4nzYENGRfHkuDlqvvAY3D2t7DalCYRBPjSL3sxbYd1x260R2eblvF9
+D8Kdk/LbOgEbWlmRGyvSBtik0+s7rUQEsktX9j7D+oWFZeAKrFzcGcNOVml3+mZtC262frZVtuxO
+D2xgAxvYwKrY/wBR/rXYf1FozQAAAABJRU5ErkJggg==
 
 iVBORw0KGgoAAAANSUhEUgAAAC4AAAAuCAIAAADY27xgAAAABnRSTlMAAAAAAABupgeRAAAABmJL
+R0QAvQC9AL1pQtWoAAAE8UlEQVR42uWYP0gjWxTGJRwsRCxEUkhIsYjFEixEthBJIYuFyBayyGOR
+FBIsgliEkEKCLEuwkGAhIYWIRRB5BEkRlhRBphiWFEFSBJkiLBYpUsiSIkWK5XHfO+eeOzPXmF1j
+cM2yL3yEIZM787vf+e6ZPyMjf8bH44FRD3jua2go//79l65hooj7GiaK5zcp0O/yYQ/GNI0Oy5iH
+mR1ach9mdmjJ7ZnZ/3dyf2LJyxnjnKxnZl8ouUwg7m5QjNIztr8WRUHcXukl+DmKc6V8bojqqTCS
+D4vyI5RnLpaCMJKinKbvi/eieY2/fBwZET/oKF36qAVrcAj/hIQoxhii07j+3rjunKx9z77vk4Y5
+aAKofPjJQMqJfJjG5zbxu2Vdtetf6nszjYOFu6OlduZt52ztURrmqGV2clGJUtgRRkKUU/0C6ZFE
+DoRAmSGobUFt11ePzzQ+BZqHC4/SMIcZXSpuL+RCC4W9TQKqnJJq5072+/IGky9qlyhjA1jlLahG
+pqy473Y/0JT2YLF60jgcCJHdCGTeBY6WZz4t+o5Da4cba6LxhWS3g8dR/N5xVWPrEmV+kDQhqGyP
+W1EfFqtpF6uLxuFAiLP1wPEqQezN+yKzU1v+KdH5hvJOjvfblN2sybhRmetXqPIGIBPS6MVqHS95
+bRqdwzEjPkccDMFmiNbN3Kyvr7g4gVUbiFKKCTOJKxnlFivqFsujcbAZB8EZNGP39ZRofSXZRUEO
+3oiE3j7GwRBdKLykyylqdHd46BvMcnXbpjlcQALmQAjHDIwnEWDm6p9pG2dCKF8lCn2vLAb6qAtD
+sNgVRDFTaglYn3muXCwUEqAZCMFmqNPzEGyPOAFL/qJobPVMbjeHDoRxcVwhFG2WMgFoD0KwGbzu
+tMomVLOuntMccCD6REBk7dgo9EbpToljjCpQgqZYTStX3DWpgIT4h3bxELe4YUmTUMW1x/a1dnrY
+Uwi7KBVGuXRrL7X8Cqxcwh2rz4dNLanhT2v/9DwxBt0FUsfCmZ3SzDiSsuT4/0YU2mbKyMSmJ8d7
+BF8egSGMs8STL43YiFD3p5V0M8goMne4tsU+tI0UGmNkdtz2aNM4EFYx1a6cPhkFB8Qn7OuRai1a
+gepXXHLkQEsIpZQkmosYeuM0BQVxEiOI6ilK3J4PgnI0AQde2J+2gZy1IFGokYSUJaRyEmkI5XgH
+hXuDfkCTrHyyXU6jGaJ+znpaVliIkvFC9hVkZuFwlu4OcfnJAtHhiuuEwpYwCi4ToskqGqxX20wj
+B/5fWDSKUPp0pevp4WAUjifhZBouZiE/B9l5yMyrXflVQqk5lqBMChOjoLhecvGnZdIlitSAKGzM
+mR9yr6EwD0YQ8kHIBiG3Anh1RJTOnoZiJNpFqVJSVFK20gSkMQ1SoH0PHI4pFDam+AbMZai+A2OV
+UJoRaMdtFCMmJRsaYlG9bCAdpZYeJLa6MZgYNAZR0JjyCtTWof4BGlvQ2rWNwSVWsmlMjaasOSSB
+BrzlZiDXmHkoLYK5QsZYEuUuAh02piivDwooYduTlN1IoTzDAywfAlEcYyqrypjmtjQmLntPUbYf
+Hci255mfovlwBWlMmY3ZkMYwCt3vhaU3OwpF1usXPsqrBiqNQZR6SBqD3SW/qWgKYXbohd4n8GnQ
+GCe86vZA0gzhbQ+f8lYaw9e/Ib9y+jPfe/0Heu6LMQ+R2tgAAABDdEVYdFNvZnR3YXJlAEAoIylJ
+bWFnZU1hZ2ljayA0LjIuNyA5OS8wNy8wMSBjcmlzdHlAbXlzdGljLmVzLmR1cG9udC5jb21rAgDD
+AAAAKnRFWHRTaWduYXR1cmUANGQ0YzdmNjM5ZTRiOThhZjcyYjExZDA2ZTJhYWNjOTHtpTZkAAAA
+AElFTkSuQmCC
width1=606
sortdescend1=0
rowstate=7
 0 0
 0 0
 0 0
 0 0
 0 0
 0 0
 0 0
[mainfo]
stackedunder=
x=318
y=221
cx=332
cy=289
wsize=0
active=1
visible=1
